c:\users\legend\source\repos\firstcudaprogram\x64\debug\firstcudaprogram.lib
c:\users\legend\source\repos\firstcudaprogram\x64\debug\firstcudaprogram.exp
c:\users\legend\source\repos\firstcudaprogram\firstcudaprogram\x64\debug\kernel.cu.cache
c:\users\legend\source\repos\firstcudaprogram\firstcudaprogram\x64\debug\test.cu.cache
c:\users\legend\source\repos\firstcudaprogram\firstcudaprogram\x64\debug\kernel.cu.obj
c:\users\legend\source\repos\firstcudaprogram\firstcudaprogram\x64\debug\test.cu.obj
c:\users\legend\source\repos\firstcudaprogram\firstcudaprogram\x64\debug\vc142.pdb
c:\users\legend\source\repos\firstcudaprogram\x64\debug\firstcudaprogram.pdb
c:\users\legend\source\repos\firstcudaprogram\firstcudaprogram\x64\debug\firstcudaprogram.tlog\cudacompile.read.1u.tlog
c:\users\legend\source\repos\firstcudaprogram\firstcudaprogram\x64\debug\firstcudaprogram.tlog\cudacompile.write.1u.tlog
c:\users\legend\source\repos\firstcudaprogram\firstcudaprogram\x64\debug\firstcudaprogram.tlog\firstcudaprogram.write.1u.tlog
c:\users\legend\source\repos\firstcudaprogram\firstcudaprogram\x64\debug\firstcudaprogram.tlog\link.22016-cvtres.read.1.tlog
c:\users\legend\source\repos\firstcudaprogram\firstcudaprogram\x64\debug\firstcudaprogram.tlog\link.22016-cvtres.write.1.tlog
c:\users\legend\source\repos\firstcudaprogram\firstcudaprogram\x64\debug\firstcudaprogram.tlog\link.22016-rc.read.1.tlog
c:\users\legend\source\repos\firstcudaprogram\firstcudaprogram\x64\debug\firstcudaprogram.tlog\link.22016-rc.write.1.tlog
c:\users\legend\source\repos\firstcudaprogram\firstcudaprogram\x64\debug\firstcudaprogram.tlog\link.22016.read.1.tlog
c:\users\legend\source\repos\firstcudaprogram\firstcudaprogram\x64\debug\firstcudaprogram.tlog\link.22016.write.1.tlog
c:\users\legend\source\repos\firstcudaprogram\firstcudaprogram\x64\debug\firstcudaprogram.tlog\link.command.1.tlog
c:\users\legend\source\repos\firstcudaprogram\firstcudaprogram\x64\debug\firstcudaprogram.tlog\link.read.1.tlog
c:\users\legend\source\repos\firstcudaprogram\firstcudaprogram\x64\debug\firstcudaprogram.tlog\link.write.1.tlog
